Build started 2014-09-04 오전 1:36:49.
     1>Project "C:\Users\maru\Downloads\protoBufferVersionTest\protoBufferVersionTest\protoBufferVersionTest.vcxproj" on node 2 (Build target(s)).
     1>ClCompile:
         D:\Program Files\Microsoft Visual Studio 12.0\VC\bin\CL.exe /c /ZI /nologo /W3 /WX- /sdl /Od /Oy- /D WIN32 /D _DEBUG /D _CONSOLE /D _LIB /D _UNICODE /D UNICODE /Gm /EHsc /RTC1 /MDd /GS /fp:precise /Zc:wchar_t /Zc:forScope /Fo"Debug\\" /Fd"Debug\vc120.pdb" /Gd /TP /analyze- /errorReport:prompt main.cpp
         main.cpp
     1>c:\users\maru\downloads\protobufferversiontest\protobufferversiontest\main.cpp(16): warning C4305: 'initializing' : truncation from 'double' to 'float'
     1>c:\users\maru\downloads\protobufferversiontest\protobufferversiontest\main.cpp(17): warning C4305: 'initializing' : truncation from 'double' to 'float'
     1>c:\users\maru\downloads\protobufferversiontest\protobufferversiontest\main.cpp(18): warning C4305: 'initializing' : truncation from 'double' to 'float'
       Link:
         D:\Program Files\Microsoft Visual Studio 12.0\VC\bin\link.exe /ERRORREPORT:PROMPT /OUT:"C:\Users\maru\Downloads\protoBufferVersionTest\Debug\protoBufferVersionTest.exe" /INCREMENTAL /NOLOGO libprotobuf.lib kernel32.lib user32.lib gdi32.lib winspool.lib comdlg32.lib advapi32.lib shell32.lib ole32.lib oleaut32.lib uuid.lib odbc32.lib odbccp32.lib /MANIFEST /MANIFESTUAC:"level='asInvoker' uiAccess='false'" /manifest:embed /DEBUG /PDB:"C:\Users\maru\Downloads\protoBufferVersionTest\Debug\protoBufferVersionTest.pdb" /SUBSYSTEM:CONSOLE /TLBID:1 /DYNAMICBASE /NXCOMPAT /IMPLIB:"C:\Users\maru\Downloads\protoBufferVersionTest\Debug\protoBufferVersionTest.lib" /MACHINE:X86 Debug\main.obj
         Debug\mypacket.pb.obj
     1>mypacket.pb.obj : error LNK2001: unresolved external symbol "class std::basic_string<char,struct std::char_traits<char>,class std::allocator<char> > const google::protobuf::internal::kEmptyString" (?kEmptyString@internal@protobuf@google@@3V?$basic_string@DU?$char_traits@D@std@@V?$allocator@D@2@@std@@B)
     1>C:\Users\maru\Downloads\protoBufferVersionTest\Debug\protoBufferVersionTest.exe : fatal error LNK1120: 1 unresolved externals
     1>Done Building Project "C:\Users\maru\Downloads\protoBufferVersionTest\protoBufferVersionTest\protoBufferVersionTest.vcxproj" (Build target(s)) -- FAILED.

Build FAILED.

Time Elapsed 00:00:01.00
