Build started 2014-09-04 오전 12:38:46.
     1>Project "C:\Users\maru\Downloads\protobuf-2.4.1\protobuf-2.4.1\vsprojects\tests.vcxproj" on node 3 (Build target(s)).
     1>C:\Program Files\MSBuild\Microsoft.Cpp\v4.0\V120\Microsoft.CppBuild.targets(388,5): warning MSB8028: The intermediate directory (Release\) contains files shared from another project (libprotobuf-lite.vcxproj, libprotobuf.vcxproj, libprotoc.vcxproj, lite-test.vcxproj, protoc.vcxproj, test_plugin.vcxproj).  This can lead to incorrect clean and rebuild behavior.
     1>CustomBuild:
         Generating cpp_test_bad_identifiers.pb.{h,cc}...
         Generating unittest.pb.{h,cc}...
         Generating unittest_custom_options.pb.{h,cc}...
         Generating unittest_embed_optimize_for.pb.{h,cc}...
         Generating unittest_import.pb.{h,cc}...
         Generating unittest_lite_imports_nonlite.pb.{h,cc}...
         Generating unittest_mset.pb.{h,cc}...
         Generating unittest_no_generic_services.pb.{h,cc}...
         Generating unittest_optimize_for.pb.{h,cc}...
         'Release\protoc'은(는) 내부 또는 외부 명령, 실행할 수 있는 프로그램, 또는
         배치 파일이 아닙니다.
         'Release\protoc'은(는) 내부 또는 외부 명령, 실행할 수 있는 프로그램, 또는
         배치 파일이 아닙니다.
         'Release\protoc'은(는) 내부 또는 외부 명령, 실행할 수 있는 프로그램, 또는
         배치 파일이 아닙니다.
         'Release\protoc'은(는) 내부 또는 외부 명령, 실행할 수 있는 프로그램, 또는
         배치 파일이 아닙니다.
         'Release\protoc'은(는) 내부 또는 외부 명령, 실행할 수 있는 프로그램, 또는
         배치 파일이 아닙니다.
         'Release\protoc'은(는) 내부 또는 외부 명령, 실행할 수 있는 프로그램, 또는
         배치 파일이 아닙니다.
         'Release\protoc'은(는) 내부 또는 외부 명령, 실행할 수 있는 프로그램, 또는
         배치 파일이 아닙니다.
         'Release\protoc'은(는) 내부 또는 외부 명령, 실행할 수 있는 프로그램, 또는
         배치 파일이 아닙니다.
         'Release\protoc'은(는) 내부 또는 외부 명령, 실행할 수 있는 프로그램, 또는
         배치 파일이 아닙니다.
     1>C:\Program Files\MSBuild\Microsoft.Cpp\v4.0\V120\Microsoft.CppCommon.targets(170,5): error MSB6006: "cmd.exe" exited with code 9009.
     1>Done Building Project "C:\Users\maru\Downloads\protobuf-2.4.1\protobuf-2.4.1\vsprojects\tests.vcxproj" (Build target(s)) -- FAILED.

Build FAILED.

Time Elapsed 00:00:00.15
